<?xml version="1.0" encoding="UTF-8"?>
<testng-results ignored="0" total="1" passed="1" failed="0" skipped="0">
  <reporter-output>
  </reporter-output>
  <suite started-at="2023-02-16T19:43:28 IST" name="Default suite" finished-at="2023-02-16T19:43:36 IST" duration-ms="8077">
    <groups>
    </groups>
    <test started-at="2023-02-16T19:43:28 IST" name="Default test" finished-at="2023-02-16T19:43:36 IST" duration-ms="8077">
      <class name="TestLogin">
        <test-method is-config="true" signature="setUp()[pri:0, instance:TestLogin@47987356]" started-at="2023-02-16T19:43:28 IST" name="setUp" finished-at="2023-02-16T19:43:28 IST" duration-ms="95" status="PASS">
          <reporter-output>
          </reporter-output>
        </test-method> <!-- setUp -->
        <test-method signature="TestLogin()[pri:0, instance:TestLogin@47987356]" started-at="2023-02-16T19:43:28 IST" name="TestLogin" finished-at="2023-02-16T19:43:36 IST" duration-ms="7946" status="PASS">
          <reporter-output>
          </reporter-output>
        </test-method> <!-- TestLogin -->
        <test-method is-config="true" signature="TearDown()[pri:0, instance:TestLogin@47987356]" started-at="2023-02-16T19:43:36 IST" name="TearDown" finished-at="2023-02-16T19:43:36 IST" duration-ms="1" status="PASS">
          <reporter-output>
          </reporter-output>
        </test-method> <!-- TearDown -->
      </class> <!-- TestLogin -->
    </test> <!-- Default test -->
  </suite> <!-- Default suite -->
</testng-results>
